<?xml version="1.0" encoding="UTF-8"?>
<testsuite name="com.winja.WinjaApplicationTests" tests="1" skipped="0" failures="0" errors="0" timestamp="2022-03-08T05:11:43" hostname="p3n7a90n" time="0.63">
  <properties/>
  <testcase name="contextLoads()" classname="com.winja.WinjaApplicationTests" time="0.63"/>
  <system-out><![CDATA[10:41:39.819 [Test worker] DEBUG org.springframework.test.context.BootstrapUtils - Instantiating CacheAwareContextLoaderDelegate from class [org.springframework.test.context.cache.DefaultCacheAwareContextLoaderDelegate]
10:41:39.834 [Test worker] DEBUG org.springframework.test.context.BootstrapUtils - Instantiating BootstrapContext using constructor [public org.springframework.test.context.support.DefaultBootstrapContext(java.lang.Class,org.springframework.test.context.CacheAwareContextLoaderDelegate)]
10:41:39.886 [Test worker] DEBUG org.springframework.test.context.BootstrapUtils - Instantiating TestContextBootstrapper for test class [com.winja.WinjaApplicationTests] from class [org.springframework.boot.test.context.SpringBootTestContextBootstrapper]
10:41:39.900 [Test worker] INFO org.springframework.boot.test.context.SpringBootTestContextBootstrapper - Neither @ContextConfiguration nor @ContextHierarchy found for test class [com.winja.WinjaApplicationTests], using SpringBootContextLoader
10:41:39.905 [Test worker] DEBUG org.springframework.test.context.support.AbstractContextLoader - Did not detect default resource location for test class [com.winja.WinjaApplicationTests]: class path resource [com/winja/WinjaApplicationTests-context.xml] does not exist
10:41:39.906 [Test worker] DEBUG org.springframework.test.context.support.AbstractContextLoader - Did not detect default resource location for test class [com.winja.WinjaApplicationTests]: class path resource [com/winja/WinjaApplicationTestsContext.groovy] does not exist
10:41:39.906 [Test worker] INFO org.springframework.test.context.support.AbstractContextLoader - Could not detect default resource locations for test class [com.winja.WinjaApplicationTests]: no resource found for suffixes {-context.xml, Context.groovy}.
10:41:39.907 [Test worker] INFO org.springframework.test.context.support.AnnotationConfigContextLoaderUtils - Could not detect default configuration classes for test class [com.winja.WinjaApplicationTests]: WinjaApplicationTests does not declare any static, non-private, non-final, nested classes annotated with @Configuration.
10:41:39.965 [Test worker] DEBUG org.springframework.test.context.support.ActiveProfilesUtils - Could not find an 'annotation declaring class' for annotation type [org.springframework.test.context.ActiveProfiles] and class [com.winja.WinjaApplicationTests]
10:41:40.037 [Test worker] DEBUG org.springframework.context.annotation.ClassPathScanningCandidateComponentProvider - Identified candidate component class: file [/home/p3n7a90n/Documents/Winja/WinjaCTF_NullconBerlin2022/Insider Threat/build/classes/java/main/com/winja/WinjaApplication.class]
10:41:40.038 [Test worker] INFO org.springframework.boot.test.context.SpringBootTestContextBootstrapper - Found @SpringBootConfiguration com.winja.WinjaApplication for test class com.winja.WinjaApplicationTests
10:41:40.193 [Test worker] DEBUG org.springframework.boot.test.context.SpringBootTestContextBootstrapper - @TestExecutionListeners is not present for class [com.winja.WinjaApplicationTests]: using defaults.
10:41:40.194 [Test worker] INFO org.springframework.boot.test.context.SpringBootTestContextBootstrapper - Loaded default TestExecutionListener class names from location [META-INF/spring.factories]: [org.springframework.boot.test.autoconfigure.restdocs.RestDocsTestExecutionListener, org.springframework.boot.test.autoconfigure.web.client.MockRestServiceServerResetTestExecutionListener, org.springframework.boot.test.autoconfigure.web.servlet.MockMvcPrintOnlyOnFailureTestExecutionListener, org.springframework.boot.test.autoconfigure.web.servlet.WebDriverTestExecutionListener, org.springframework.boot.test.autoconfigure.webservices.client.MockWebServiceServerTestExecutionListener, org.springframework.boot.test.mock.mockito.MockitoTestExecutionListener, org.springframework.boot.test.mock.mockito.ResetMocksTestExecutionListener, org.springframework.test.context.web.ServletTestExecutionListener, org.springframework.test.context.support.DirtiesContextBeforeModesTestExecutionListener, org.springframework.test.context.event.ApplicationEventsTestExecutionListener, org.springframework.test.context.support.DependencyInjectionTestExecutionListener, org.springframework.test.context.support.DirtiesContextTestExecutionListener, org.springframework.test.context.transaction.TransactionalTestExecutionListener, org.springframework.test.context.jdbc.SqlScriptsTestExecutionListener, org.springframework.test.context.event.EventPublishingTestExecutionListener]
10:41:40.232 [Test worker] DEBUG org.springframework.boot.test.context.SpringBootTestContextBootstrapper - Skipping candidate TestExecutionListener [org.springframework.test.context.transaction.TransactionalTestExecutionListener] due to a missing dependency. Specify custom listener classes or make the default listener classes and their required dependencies available. Offending class: [org/springframework/transaction/interceptor/TransactionAttributeSource]
10:41:40.234 [Test worker] DEBUG org.springframework.boot.test.context.SpringBootTestContextBootstrapper - Skipping candidate TestExecutionListener [org.springframework.test.context.jdbc.SqlScriptsTestExecutionListener] due to a missing dependency. Specify custom listener classes or make the default listener classes and their required dependencies available. Offending class: [org/springframework/transaction/interceptor/TransactionAttribute]
10:41:40.234 [Test worker] INFO org.springframework.boot.test.context.SpringBootTestContextBootstrapper - Using TestExecutionListeners: [org.springframework.test.context.web.ServletTestExecutionListener@77cf3f8b, org.springframework.test.context.support.DirtiesContextBeforeModesTestExecutionListener@1df98368, org.springframework.test.context.event.ApplicationEventsTestExecutionListener@21ca139c, org.springframework.boot.test.mock.mockito.MockitoTestExecutionListener@226f885f, org.springframework.boot.test.autoconfigure.SpringBootDependencyInjectionTestExecutionListener@2cd2c8fe, org.springframework.test.context.support.DirtiesContextTestExecutionListener@7d61eccf, org.springframework.test.context.event.EventPublishingTestExecutionListener@cc6460c, org.springframework.boot.test.autoconfigure.restdocs.RestDocsTestExecutionListener@52350abb, org.springframework.boot.test.autoconfigure.web.client.MockRestServiceServerResetTestExecutionListener@681aad3b, org.springframework.boot.test.autoconfigure.web.servlet.MockMvcPrintOnlyOnFailureTestExecutionListener@1a6f2363, org.springframework.boot.test.autoconfigure.web.servlet.WebDriverTestExecutionListener@2427e004, org.springframework.boot.test.autoconfigure.webservices.client.MockWebServiceServerTestExecutionListener@5ebd56e9, org.springframework.boot.test.mock.mockito.ResetMocksTestExecutionListener@63f34b70]
10:41:40.244 [Test worker] DEBUG org.springframework.test.context.support.AbstractDirtiesContextTestExecutionListener - Before test class: context [DefaultTestContext@5a62b2a4 testClass = WinjaApplicationTests, testInstance = [null], testMethod = [null], testException = [null], mergedContextConfiguration = [WebMergedContextConfiguration@1051817b testClass = WinjaApplicationTests, locations = '{}', classes = '{class com.winja.WinjaApplication}', contextInitializerClasses = '[]', activeProfiles = '{}', propertySourceLocations = '{}', propertySourceProperties = '{org.springframework.boot.test.context.SpringBootTestContextBootstrapper=true}', contextCustomizers = set[org.springframework.boot.test.autoconfigure.actuate.metrics.MetricsExportContextCustomizerFactory$DisableMetricExportContextCustomizer@18b0930f, org.springframework.boot.test.autoconfigure.properties.PropertyMappingContextCustomizer@0, org.springframework.boot.test.autoconfigure.web.servlet.WebDriverContextCustomizerFactory$Customizer@5a411614, org.springframework.boot.test.context.filter.ExcludeFilterContextCustomizer@424fd310, org.springframework.boot.test.json.DuplicateJsonObjectContextCustomizerFactory$DuplicateJsonObjectContextCustomizer@5286c33a, org.springframework.boot.test.mock.mockito.MockitoContextCustomizer@0, org.springframework.boot.test.web.client.TestRestTemplateContextCustomizer@32811494, org.springframework.boot.test.context.SpringBootTestArgs@1, org.springframework.boot.test.context.SpringBootTestWebEnvironment@6933b6c6], resourceBasePath = 'src/main/webapp', contextLoader = 'org.springframework.boot.test.context.SpringBootContextLoader', parent = [null]], attributes = map['org.springframework.test.context.web.ServletTestExecutionListener.activateListener' -> true]], class annotated with @DirtiesContext [false] with mode [null].

  .   ____          _            __ _ _
 /\\ / ___'_ __ _ _(_)_ __  __ _ \ \ \ \
( ( )\___ | '_ | '_| | '_ \/ _` | \ \ \ \
 \\/  ___)| |_)| | | | | || (_| |  ) ) ) )
  '  |____| .__|_| |_|_| |_\__, | / / / /
 =========|_|==============|___/=/_/_/_/
 :: Spring Boot ::                (v2.6.3)

2022-03-08 10:41:40.705  INFO 18095 --- [    Test worker] com.winja.WinjaApplicationTests          : Starting WinjaApplicationTests using Java 11.0.14 on p3n7a90n with PID 18095 (started by p3n7a90n in /home/p3n7a90n/Documents/Winja/WinjaCTF_NullconBerlin2022/Insider Threat)
2022-03-08 10:41:40.707  INFO 18095 --- [    Test worker] com.winja.WinjaApplicationTests          : No active profile set, falling back to default profiles: default
2022-03-08 10:41:43.692  INFO 18095 --- [    Test worker] com.winja.WinjaApplicationTests          : Started WinjaApplicationTests in 3.397 seconds (JVM running for 5.009)
]]></system-out>
  <system-err><![CDATA[]]></system-err>
</testsuite>
