<?xml version="1.0" encoding="UTF-8"?>
<testsuite name="com.winja.WinjaCtfApplicationTests" tests="1" skipped="0" failures="0" errors="0" timestamp="2022-03-08T05:12:11" hostname="p3n7a90n" time="0.438">
  <properties/>
  <testcase name="contextLoads()" classname="com.winja.WinjaCtfApplicationTests" time="0.438"/>
  <system-out><![CDATA[10:42:07.802 [Test worker] DEBUG org.springframework.test.context.BootstrapUtils - Instantiating CacheAwareContextLoaderDelegate from class [org.springframework.test.context.cache.DefaultCacheAwareContextLoaderDelegate]
10:42:07.818 [Test worker] DEBUG org.springframework.test.context.BootstrapUtils - Instantiating BootstrapContext using constructor [public org.springframework.test.context.support.DefaultBootstrapContext(java.lang.Class,org.springframework.test.context.CacheAwareContextLoaderDelegate)]
10:42:07.857 [Test worker] DEBUG org.springframework.test.context.BootstrapUtils - Instantiating TestContextBootstrapper for test class [com.winja.WinjaCtfApplicationTests] from class [org.springframework.boot.test.context.SpringBootTestContextBootstrapper]
10:42:07.869 [Test worker] INFO org.springframework.boot.test.context.SpringBootTestContextBootstrapper - Neither @ContextConfiguration nor @ContextHierarchy found for test class [com.winja.WinjaCtfApplicationTests], using SpringBootContextLoader
10:42:07.874 [Test worker] DEBUG org.springframework.test.context.support.AbstractContextLoader - Did not detect default resource location for test class [com.winja.WinjaCtfApplicationTests]: class path resource [com/winja/WinjaCtfApplicationTests-context.xml] does not exist
10:42:07.875 [Test worker] DEBUG org.springframework.test.context.support.AbstractContextLoader - Did not detect default resource location for test class [com.winja.WinjaCtfApplicationTests]: class path resource [com/winja/WinjaCtfApplicationTestsContext.groovy] does not exist
10:42:07.875 [Test worker] INFO org.springframework.test.context.support.AbstractContextLoader - Could not detect default resource locations for test class [com.winja.WinjaCtfApplicationTests]: no resource found for suffixes {-context.xml, Context.groovy}.
10:42:07.876 [Test worker] INFO org.springframework.test.context.support.AnnotationConfigContextLoaderUtils - Could not detect default configuration classes for test class [com.winja.WinjaCtfApplicationTests]: WinjaCtfApplicationTests does not declare any static, non-private, non-final, nested classes annotated with @Configuration.
10:42:07.940 [Test worker] DEBUG org.springframework.test.context.support.ActiveProfilesUtils - Could not find an 'annotation declaring class' for annotation type [org.springframework.test.context.ActiveProfiles] and class [com.winja.WinjaCtfApplicationTests]
10:42:08.034 [Test worker] DEBUG org.springframework.context.annotation.ClassPathScanningCandidateComponentProvider - Identified candidate component class: file [/home/p3n7a90n/Documents/Winja/WinjaCTF_NullconBerlin2022/EL AGUA/build/classes/java/main/com/winja/WinjaApplication.class]
10:42:08.036 [Test worker] INFO org.springframework.boot.test.context.SpringBootTestContextBootstrapper - Found @SpringBootConfiguration com.winja.WinjaApplication for test class com.winja.WinjaCtfApplicationTests
10:42:08.178 [Test worker] DEBUG org.springframework.boot.test.context.SpringBootTestContextBootstrapper - @TestExecutionListeners is not present for class [com.winja.WinjaCtfApplicationTests]: using defaults.
10:42:08.179 [Test worker] INFO org.springframework.boot.test.context.SpringBootTestContextBootstrapper - Loaded default TestExecutionListener class names from location [META-INF/spring.factories]: [org.springframework.boot.test.autoconfigure.restdocs.RestDocsTestExecutionListener, org.springframework.boot.test.autoconfigure.web.client.MockRestServiceServerResetTestExecutionListener, org.springframework.boot.test.autoconfigure.web.servlet.MockMvcPrintOnlyOnFailureTestExecutionListener, org.springframework.boot.test.autoconfigure.web.servlet.WebDriverTestExecutionListener, org.springframework.boot.test.autoconfigure.webservices.client.MockWebServiceServerTestExecutionListener, org.springframework.boot.test.mock.mockito.MockitoTestExecutionListener, org.springframework.boot.test.mock.mockito.ResetMocksTestExecutionListener, org.springframework.test.context.web.ServletTestExecutionListener, org.springframework.test.context.support.DirtiesContextBeforeModesTestExecutionListener, org.springframework.test.context.event.ApplicationEventsTestExecutionListener, org.springframework.test.context.support.DependencyInjectionTestExecutionListener, org.springframework.test.context.support.DirtiesContextTestExecutionListener, org.springframework.test.context.transaction.TransactionalTestExecutionListener, org.springframework.test.context.jdbc.SqlScriptsTestExecutionListener, org.springframework.test.context.event.EventPublishingTestExecutionListener]
10:42:08.217 [Test worker] DEBUG org.springframework.boot.test.context.SpringBootTestContextBootstrapper - Skipping candidate TestExecutionListener [org.springframework.test.context.transaction.TransactionalTestExecutionListener] due to a missing dependency. Specify custom listener classes or make the default listener classes and their required dependencies available. Offending class: [org/springframework/transaction/interceptor/TransactionAttributeSource]
10:42:08.217 [Test worker] DEBUG org.springframework.boot.test.context.SpringBootTestContextBootstrapper - Skipping candidate TestExecutionListener [org.springframework.test.context.jdbc.SqlScriptsTestExecutionListener] due to a missing dependency. Specify custom listener classes or make the default listener classes and their required dependencies available. Offending class: [org/springframework/transaction/interceptor/TransactionAttribute]
10:42:08.218 [Test worker] INFO org.springframework.boot.test.context.SpringBootTestContextBootstrapper - Using TestExecutionListeners: [org.springframework.test.context.web.ServletTestExecutionListener@71a9b4c7, org.springframework.test.context.support.DirtiesContextBeforeModesTestExecutionListener@4628b1d3, org.springframework.test.context.event.ApplicationEventsTestExecutionListener@77cf3f8b, org.springframework.boot.test.mock.mockito.MockitoTestExecutionListener@1df98368, org.springframework.boot.test.autoconfigure.SpringBootDependencyInjectionTestExecutionListener@21ca139c, org.springframework.test.context.support.DirtiesContextTestExecutionListener@226f885f, org.springframework.test.context.event.EventPublishingTestExecutionListener@2cd2c8fe, org.springframework.boot.test.autoconfigure.restdocs.RestDocsTestExecutionListener@7d61eccf, org.springframework.boot.test.autoconfigure.web.client.MockRestServiceServerResetTestExecutionListener@cc6460c, org.springframework.boot.test.autoconfigure.web.servlet.MockMvcPrintOnlyOnFailureTestExecutionListener@52350abb, org.springframework.boot.test.autoconfigure.web.servlet.WebDriverTestExecutionListener@681aad3b, org.springframework.boot.test.autoconfigure.webservices.client.MockWebServiceServerTestExecutionListener@1a6f2363, org.springframework.boot.test.mock.mockito.ResetMocksTestExecutionListener@2427e004]
10:42:08.226 [Test worker] DEBUG org.springframework.test.context.support.AbstractDirtiesContextTestExecutionListener - Before test class: context [DefaultTestContext@4b4dd216 testClass = WinjaCtfApplicationTests, testInstance = [null], testMethod = [null], testException = [null], mergedContextConfiguration = [WebMergedContextConfiguration@5ca17ab0 testClass = WinjaCtfApplicationTests, locations = '{}', classes = '{class com.winja.WinjaApplication}', contextInitializerClasses = '[]', activeProfiles = '{}', propertySourceLocations = '{}', propertySourceProperties = '{org.springframework.boot.test.context.SpringBootTestContextBootstrapper=true}', contextCustomizers = set[org.springframework.boot.test.autoconfigure.actuate.metrics.MetricsExportContextCustomizerFactory$DisableMetricExportContextCustomizer@2b5f4d54, org.springframework.boot.test.autoconfigure.properties.PropertyMappingContextCustomizer@0, org.springframework.boot.test.autoconfigure.web.servlet.WebDriverContextCustomizerFactory$Customizer@3f390d63, org.springframework.boot.test.context.filter.ExcludeFilterContextCustomizer@1506f20f, org.springframework.boot.test.json.DuplicateJsonObjectContextCustomizerFactory$DuplicateJsonObjectContextCustomizer@1a45193b, org.springframework.boot.test.mock.mockito.MockitoContextCustomizer@0, org.springframework.boot.test.web.client.TestRestTemplateContextCustomizer@73dce0e6, org.springframework.boot.test.context.SpringBootTestArgs@1, org.springframework.boot.test.context.SpringBootTestWebEnvironment@2584b82d], resourceBasePath = 'src/main/webapp', contextLoader = 'org.springframework.boot.test.context.SpringBootContextLoader', parent = [null]], attributes = map['org.springframework.test.context.web.ServletTestExecutionListener.activateListener' -> true]], class annotated with @DirtiesContext [false] with mode [null].

  .   ____          _            __ _ _
 /\\ / ___'_ __ _ _(_)_ __  __ _ \ \ \ \
( ( )\___ | '_ | '_| | '_ \/ _` | \ \ \ \
 \\/  ___)| |_)| | | | | || (_| |  ) ) ) )
  '  |____| .__|_| |_|_| |_\__, | / / / /
 =========|_|==============|___/=/_/_/_/
 :: Spring Boot ::                (v2.6.3)

2022-03-08 10:42:08.690  INFO 18256 --- [    Test worker] com.winja.WinjaCtfApplicationTests       : Starting WinjaCtfApplicationTests using Java 11.0.14 on p3n7a90n with PID 18256 (started by p3n7a90n in /home/p3n7a90n/Documents/Winja/WinjaCTF_NullconBerlin2022/EL AGUA)
2022-03-08 10:42:08.692  INFO 18256 --- [    Test worker] com.winja.WinjaCtfApplicationTests       : No active profile set, falling back to default profiles: default
2022-03-08 10:42:11.756  INFO 18256 --- [    Test worker] com.winja.WinjaCtfApplicationTests       : Started WinjaCtfApplicationTests in 3.482 seconds (JVM running for 5.274)
]]></system-out>
  <system-err><![CDATA[]]></system-err>
</testsuite>
