<?xml version="1.0" encoding="UTF-8"?>
<testsuite name="com.winja.personalprofile.PersonalProfileApplicationTests" tests="1" skipped="0" failures="0" errors="0" timestamp="2021-10-03T09:54:31" hostname="p3n7a90n" time="0.73">
  <properties/>
  <testcase name="contextLoads()" classname="com.winja.personalprofile.PersonalProfileApplicationTests" time="0.73"/>
  <system-out><![CDATA[15:24:25.973 [Test worker] DEBUG org.springframework.test.context.BootstrapUtils - Instantiating CacheAwareContextLoaderDelegate from class [org.springframework.test.context.cache.DefaultCacheAwareContextLoaderDelegate]
15:24:26.028 [Test worker] DEBUG org.springframework.test.context.BootstrapUtils - Instantiating BootstrapContext using constructor [public org.springframework.test.context.support.DefaultBootstrapContext(java.lang.Class,org.springframework.test.context.CacheAwareContextLoaderDelegate)]
15:24:26.149 [Test worker] DEBUG org.springframework.test.context.BootstrapUtils - Instantiating TestContextBootstrapper for test class [com.winja.personalprofile.PersonalProfileApplicationTests] from class [org.springframework.boot.test.context.SpringBootTestContextBootstrapper]
15:24:26.292 [Test worker] INFO org.springframework.boot.test.context.SpringBootTestContextBootstrapper - Neither @ContextConfiguration nor @ContextHierarchy found for test class [com.winja.personalprofile.PersonalProfileApplicationTests], using SpringBootContextLoader
15:24:26.342 [Test worker] DEBUG org.springframework.test.context.support.AbstractContextLoader - Did not detect default resource location for test class [com.winja.personalprofile.PersonalProfileApplicationTests]: class path resource [com/winja/personalprofile/PersonalProfileApplicationTests-context.xml] does not exist
15:24:26.344 [Test worker] DEBUG org.springframework.test.context.support.AbstractContextLoader - Did not detect default resource location for test class [com.winja.personalprofile.PersonalProfileApplicationTests]: class path resource [com/winja/personalprofile/PersonalProfileApplicationTestsContext.groovy] does not exist
15:24:26.346 [Test worker] INFO org.springframework.test.context.support.AbstractContextLoader - Could not detect default resource locations for test class [com.winja.personalprofile.PersonalProfileApplicationTests]: no resource found for suffixes {-context.xml, Context.groovy}.
15:24:26.348 [Test worker] INFO org.springframework.test.context.support.AnnotationConfigContextLoaderUtils - Could not detect default configuration classes for test class [com.winja.personalprofile.PersonalProfileApplicationTests]: PersonalProfileApplicationTests does not declare any static, non-private, non-final, nested classes annotated with @Configuration.
15:24:26.471 [Test worker] DEBUG org.springframework.test.context.support.ActiveProfilesUtils - Could not find an 'annotation declaring class' for annotation type [org.springframework.test.context.ActiveProfiles] and class [com.winja.personalprofile.PersonalProfileApplicationTests]
15:24:26.610 [Test worker] DEBUG org.springframework.context.annotation.ClassPathScanningCandidateComponentProvider - Identified candidate component class: file [/home/p3n7a90n/CTF/repo/c0c0n-WinjaCTF2021/web/personal-profile-xxe/build/classes/java/main/com/winja/personalprofile/PersonalProfileApplication.class]
15:24:26.612 [Test worker] INFO org.springframework.boot.test.context.SpringBootTestContextBootstrapper - Found @SpringBootConfiguration com.winja.personalprofile.PersonalProfileApplication for test class com.winja.personalprofile.PersonalProfileApplicationTests
15:24:26.930 [Test worker] DEBUG org.springframework.boot.test.context.SpringBootTestContextBootstrapper - @TestExecutionListeners is not present for class [com.winja.personalprofile.PersonalProfileApplicationTests]: using defaults.
15:24:26.931 [Test worker] INFO org.springframework.boot.test.context.SpringBootTestContextBootstrapper - Loaded default TestExecutionListener class names from location [META-INF/spring.factories]: [org.springframework.boot.test.autoconfigure.restdocs.RestDocsTestExecutionListener, org.springframework.boot.test.autoconfigure.web.client.MockRestServiceServerResetTestExecutionListener, org.springframework.boot.test.autoconfigure.web.servlet.MockMvcPrintOnlyOnFailureTestExecutionListener, org.springframework.boot.test.autoconfigure.web.servlet.WebDriverTestExecutionListener, org.springframework.boot.test.autoconfigure.webservices.client.MockWebServiceServerTestExecutionListener, org.springframework.boot.test.mock.mockito.MockitoTestExecutionListener, org.springframework.boot.test.mock.mockito.ResetMocksTestExecutionListener, org.springframework.test.context.web.ServletTestExecutionListener, org.springframework.test.context.support.DirtiesContextBeforeModesTestExecutionListener, org.springframework.test.context.event.ApplicationEventsTestExecutionListener, org.springframework.test.context.support.DependencyInjectionTestExecutionListener, org.springframework.test.context.support.DirtiesContextTestExecutionListener, org.springframework.test.context.transaction.TransactionalTestExecutionListener, org.springframework.test.context.jdbc.SqlScriptsTestExecutionListener, org.springframework.test.context.event.EventPublishingTestExecutionListener]
15:24:26.967 [Test worker] DEBUG org.springframework.boot.test.context.SpringBootTestContextBootstrapper - Skipping candidate TestExecutionListener [org.springframework.test.context.transaction.TransactionalTestExecutionListener] due to a missing dependency. Specify custom listener classes or make the default listener classes and their required dependencies available. Offending class: [org/springframework/transaction/interceptor/TransactionAttributeSource]
15:24:26.968 [Test worker] DEBUG org.springframework.boot.test.context.SpringBootTestContextBootstrapper - Skipping candidate TestExecutionListener [org.springframework.test.context.jdbc.SqlScriptsTestExecutionListener] due to a missing dependency. Specify custom listener classes or make the default listener classes and their required dependencies available. Offending class: [org/springframework/transaction/interceptor/TransactionAttribute]
15:24:26.970 [Test worker] INFO org.springframework.boot.test.context.SpringBootTestContextBootstrapper - Using TestExecutionListeners: [org.springframework.test.context.web.ServletTestExecutionListener@32b0f50d, org.springframework.test.context.support.DirtiesContextBeforeModesTestExecutionListener@3fc5b702, org.springframework.test.context.event.ApplicationEventsTestExecutionListener@5912473a, org.springframework.boot.test.mock.mockito.MockitoTestExecutionListener@566f8ed8, org.springframework.boot.test.autoconfigure.SpringBootDependencyInjectionTestExecutionListener@63c20185, org.springframework.test.context.support.DirtiesContextTestExecutionListener@71adc758, org.springframework.test.context.event.EventPublishingTestExecutionListener@3a4d65c0, org.springframework.boot.test.autoconfigure.restdocs.RestDocsTestExecutionListener@107e351f, org.springframework.boot.test.autoconfigure.web.client.MockRestServiceServerResetTestExecutionListener@6343d0bc, org.springframework.boot.test.autoconfigure.web.servlet.MockMvcPrintOnlyOnFailureTestExecutionListener@7c4b5c8b, org.springframework.boot.test.autoconfigure.web.servlet.WebDriverTestExecutionListener@2d7955a7, org.springframework.boot.test.autoconfigure.webservices.client.MockWebServiceServerTestExecutionListener@4c4e4bda, org.springframework.boot.test.mock.mockito.ResetMocksTestExecutionListener@3175a4df]
15:24:26.975 [Test worker] DEBUG org.springframework.test.context.support.AbstractDirtiesContextTestExecutionListener - Before test class: context [DefaultTestContext@75c8fc96 testClass = PersonalProfileApplicationTests, testInstance = [null], testMethod = [null], testException = [null], mergedContextConfiguration = [WebMergedContextConfiguration@1b8e754c testClass = PersonalProfileApplicationTests, locations = '{}', classes = '{class com.winja.personalprofile.PersonalProfileApplication}', contextInitializerClasses = '[]', activeProfiles = '{}', propertySourceLocations = '{}', propertySourceProperties = '{org.springframework.boot.test.context.SpringBootTestContextBootstrapper=true}', contextCustomizers = set[org.springframework.boot.test.autoconfigure.actuate.metrics.MetricsExportContextCustomizerFactory$DisableMetricExportContextCustomizer@a1c990d, org.springframework.boot.test.autoconfigure.properties.PropertyMappingContextCustomizer@0, org.springframework.boot.test.autoconfigure.web.servlet.WebDriverContextCustomizerFactory$Customizer@3362d771, org.springframework.boot.test.context.filter.ExcludeFilterContextCustomizer@793d12ff, org.springframework.boot.test.json.DuplicateJsonObjectContextCustomizerFactory$DuplicateJsonObjectContextCustomizer@1de7a9c, org.springframework.boot.test.mock.mockito.MockitoContextCustomizer@0, org.springframework.boot.test.web.client.TestRestTemplateContextCustomizer@720cba73, org.springframework.boot.test.context.SpringBootTestArgs@1, org.springframework.boot.test.context.SpringBootTestWebEnvironment@46377386], resourceBasePath = 'src/main/webapp', contextLoader = 'org.springframework.boot.test.context.SpringBootContextLoader', parent = [null]], attributes = map['org.springframework.test.context.web.ServletTestExecutionListener.activateListener' -> true]], class annotated with @DirtiesContext [false] with mode [null].
15:24:27.091 [Test worker] DEBUG org.springframework.test.context.support.TestPropertySourceUtils - Adding inlined properties to environment: {spring.jmx.enabled=false, org.springframework.boot.test.context.SpringBootTestContextBootstrapper=true}

  .   ____          _            __ _ _
 /\\ / ___'_ __ _ _(_)_ __  __ _ \ \ \ \
( ( )\___ | '_ | '_| | '_ \/ _` | \ \ \ \
 \\/  ___)| |_)| | | | | || (_| |  ) ) ) )
  '  |____| .__|_| |_|_| |_\__, | / / / /
 =========|_|==============|___/=/_/_/_/
 :: Spring Boot ::               (v2.4.10)

2021-10-03 15:24:27.888  INFO 43091 --- [    Test worker] c.w.p.PersonalProfileApplicationTests    : Starting PersonalProfileApplicationTests using Java 14.0.2 on p3n7a90n with PID 43091 (started by p3n7a90n in /home/p3n7a90n/CTF/repo/c0c0n-WinjaCTF2021/web/personal-profile-xxe)
2021-10-03 15:24:27.891  INFO 43091 --- [    Test worker] c.w.p.PersonalProfileApplicationTests    : No active profile set, falling back to default profiles: default
2021-10-03 15:24:30.754  INFO 43091 --- [    Test worker] o.s.b.a.w.s.WelcomePageHandlerMapping    : Adding welcome page template: index
2021-10-03 15:24:31.136  INFO 43091 --- [    Test worker] c.w.p.PersonalProfileApplicationTests    : Started PersonalProfileApplicationTests in 4.022 seconds (JVM running for 11.791)
]]></system-out>
  <system-err><![CDATA[]]></system-err>
</testsuite>
